  ===========================================================
  project/main.c
  project/adc_ws/adc_ws.c
  project/user_start.c
  project/driver/adc_drv.c
  Compile (Debug)
  project/tcpsrv/tcp_srv_conn.c
  project/webfs/webfs.c
  project/web/web_utils.c
  project/web/web_srv.c
  project/web/web_websocket.c
  project/web/web_int_callbacks.c
  project/web/websock.c
  project/web/web_int_vars.c
  project/web/web_auth.c
  C:/Users/Andrew/Vector/USER/A_D/GitHub/RTL_SDK_A/component/soc/realtek/8195a/fwlib/ram_lib/rtl_bios_data.c
  C:/Users/Andrew/Vector/USER/A_D/GitHub/RTL_SDK_A/component/soc/realtek/8195a/cmsis/device/system_8195a.c
  C:/Users/Andrew/Vector/USER/A_D/GitHub/RTL_SDK_A/component/soc/realtek/8195a/misc/driver/rtl_console_new.c
  C:/Users/Andrew/Vector/USER/A_D/GitHub/RTL_SDK_A/component/common/api/wifi/rtw_wpa_supplicant/wpa_supplicant/wifi_eap_config.c
  C:/Users/Andrew/Vector/USER/A_D/GitHub/RTL_SDK_A/component/common/api/wifi/wifi_conf.c
  C:/Users/Andrew/Vector/USER/A_D/GitHub/RTL_SDK_A/component/common/api/wifi/wifi_ind.c
  C:/Users/Andrew/Vector/USER/A_D/GitHub/RTL_SDK_A/component/common/api/wifi/wifi_promisc.c
  C:/Users/Andrew/Vector/USER/A_D/GitHub/RTL_SDK_A/component/common/api/wifi/wifi_simple_config.c
  C:/Users/Andrew/Vector/USER/A_D/GitHub/RTL_SDK_A/component/common/api/wifi/wifi_util.c
  C:/Users/Andrew/Vector/USER/A_D/GitHub/RTL_SDK_A/component/common/api/lwip_netconf.c
  C:/Users/Andrew/Vector/USER/A_D/GitHub/RTL_SDK_A/component/common/api/wifi_api.c
  C:/Users/Andrew/Vector/USER/A_D/GitHub/RTL_SDK_A/component/common/api/wifi_api_scan.c
  C:/Users/Andrew/Vector/USER/A_D/GitHub/RTL_SDK_A/component/common/network/lwip/src/api/api_lib.c
  C:/Users/Andrew/Vector/USER/A_D/GitHub/RTL_SDK_A/component/common/network/lwip/src/api/api_msg.c
  C:/Users/Andrew/Vector/USER/A_D/GitHub/RTL_SDK_A/component/common/network/lwip/src/api/err.c
  C:/Users/Andrew/Vector/USER/A_D/GitHub/RTL_SDK_A/component/common/network/lwip/src/api/netbuf.c
  C:/Users/Andrew/Vector/USER/A_D/GitHub/RTL_SDK_A/component/common/network/lwip/src/api/netdb.c
  C:/Users/Andrew/Vector/USER/A_D/GitHub/RTL_SDK_A/component/common/network/lwip/src/api/netifapi.c
  C:/Users/Andrew/Vector/USER/A_D/GitHub/RTL_SDK_A/component/common/network/lwip/src/api/sockets.c
  C:/Users/Andrew/Vector/USER/A_D/GitHub/RTL_SDK_A/component/common/network/lwip/src/api/tcpip.c
  C:/Users/Andrew/Vector/USER/A_D/GitHub/RTL_SDK_A/component/common/network/lwip/src/core/ipv4/autoip.c
  C:/Users/Andrew/Vector/USER/A_D/GitHub/RTL_SDK_A/component/common/network/lwip/src/core/ipv4/icmp.c
  C:/Users/Andrew/Vector/USER/A_D/GitHub/RTL_SDK_A/component/common/network/lwip/src/core/ipv4/igmp.c
  C:/Users/Andrew/Vector/USER/A_D/GitHub/RTL_SDK_A/component/common/network/lwip/src/core/ipv4/inet.c
  C:/Users/Andrew/Vector/USER/A_D/GitHub/RTL_SDK_A/component/common/network/lwip/src/core/ipv4/inet_chksum.c
  C:/Users/Andrew/Vector/USER/A_D/GitHub/RTL_SDK_A/component/common/network/lwip/src/core/ipv4/ip.c
  C:/Users/Andrew/Vector/USER/A_D/GitHub/RTL_SDK_A/component/common/network/lwip/src/core/ipv4/ip_addr.c
  C:/Users/Andrew/Vector/USER/A_D/GitHub/RTL_SDK_A/component/common/network/lwip/src/core/ipv4/ip_frag.c
  C:/Users/Andrew/Vector/USER/A_D/GitHub/RTL_SDK_A/component/common/network/lwip/src/core/def.c
  C:/Users/Andrew/Vector/USER/A_D/GitHub/RTL_SDK_A/component/common/network/lwip/src/core/dhcp.c
  C:/Users/Andrew/Vector/USER/A_D/GitHub/RTL_SDK_A/component/common/network/lwip/src/core/dns.c
  C:/Users/Andrew/Vector/USER/A_D/GitHub/RTL_SDK_A/component/common/network/lwip/src/core/init.c
  C:/Users/Andrew/Vector/USER/A_D/GitHub/RTL_SDK_A/component/common/network/lwip/src/core/lwip_timers.c
  C:/Users/Andrew/Vector/USER/A_D/GitHub/RTL_SDK_A/component/common/network/lwip/src/core/mem.c
  C:/Users/Andrew/Vector/USER/A_D/GitHub/RTL_SDK_A/component/common/network/lwip/src/core/memp.c
  C:/Users/Andrew/Vector/USER/A_D/GitHub/RTL_SDK_A/component/common/network/lwip/src/core/netif.c
  C:/Users/Andrew/Vector/USER/A_D/GitHub/RTL_SDK_A/component/common/network/lwip/src/core/raw.c
  C:/Users/Andrew/Vector/USER/A_D/GitHub/RTL_SDK_A/component/common/network/lwip/src/core/pbuf.c
  C:/Users/Andrew/Vector/USER/A_D/GitHub/RTL_SDK_A/component/common/network/lwip/src/core/stats.c
  C:/Users/Andrew/Vector/USER/A_D/GitHub/RTL_SDK_A/component/common/network/lwip/src/core/sys.c
  C:/Users/Andrew/Vector/USER/A_D/GitHub/RTL_SDK_A/component/common/network/lwip/src/core/tcp.c
  C:/Users/Andrew/Vector/USER/A_D/GitHub/RTL_SDK_A/component/common/network/lwip/src/core/tcp_in.c
  C:/Users/Andrew/Vector/USER/A_D/GitHub/RTL_SDK_A/component/common/network/lwip/src/core/udp.c
  C:/Users/Andrew/Vector/USER/A_D/GitHub/RTL_SDK_A/component/common/network/lwip/src/netif/etharp.c
  C:/Users/Andrew/Vector/USER/A_D/GitHub/RTL_SDK_A/component/common/network/lwip/src/core/tcp_out.c
  C:/Users/Andrew/Vector/USER/A_D/GitHub/RTL_SDK_A/component/common/drivers/wlan/realtek/src/osdep/lwip_intf.c
  C:/Users/Andrew/Vector/USER/A_D/GitHub/RTL_SDK_A/component/common/network/lwip/port/realtek/freertos/ethernetif.c
  C:/Users/Andrew/Vector/USER/A_D/GitHub/RTL_SDK_A/component/common/network/lwip/port/realtek/freertos/sys_arch.c
  C:/Users/Andrew/Vector/USER/A_D/GitHub/RTL_SDK_A/component/common/network/sntp/sntp.c
  C:/Users/Andrew/Vector/USER/A_D/GitHub/RTL_SDK_A/component/common/network/dhcp/dhcps.c
  C:/Users/Andrew/Vector/USER/A_D/GitHub/RTL_SDK_A/component/common/network/netbios/netbios.c
  C:/Users/Andrew/Vector/USER/A_D/GitHub/RTL_SDK_A/component/os/freertos/freertos/Source/portable/MemMang/heap_5.c
  C:/Users/Andrew/Vector/USER/A_D/GitHub/RTL_SDK_A/component/os/freertos/cmsis_os.c
  C:/Users/Andrew/Vector/USER/A_D/GitHub/RTL_SDK_A/component/os/freertos/freertos/Source/portable/GCC/ARM_CM3/port.c
  C:/Users/Andrew/Vector/USER/A_D/GitHub/RTL_SDK_A/component/os/freertos/freertos/Source/croutine.c
  C:/Users/Andrew/Vector/USER/A_D/GitHub/RTL_SDK_A/component/os/freertos/freertos/Source/list.c
  C:/Users/Andrew/Vector/USER/A_D/GitHub/RTL_SDK_A/component/os/freertos/freertos/Source/event_groups.c
  C:/Users/Andrew/Vector/USER/A_D/GitHub/RTL_SDK_A/component/os/freertos/freertos/Source/queue.c
  C:/Users/Andrew/Vector/USER/A_D/GitHub/RTL_SDK_A/component/os/freertos/freertos/Source/tasks.c
  C:/Users/Andrew/Vector/USER/A_D/GitHub/RTL_SDK_A/component/os/freertos/freertos/Source/timers.c
  C:/Users/Andrew/Vector/USER/A_D/GitHub/RTL_SDK_A/component/os/freertos/freertos_service.c
  C:/Users/Andrew/Vector/USER/A_D/GitHub/RTL_SDK_A/component/os/os_dep/device_lock.c
  C:/Users/Andrew/Vector/USER/A_D/GitHub/RTL_SDK_A/component/soc/realtek/8195a/misc/os/mailbox.c
  C:/Users/Andrew/Vector/USER/A_D/GitHub/RTL_SDK_A/component/soc/realtek/8195a/misc/os/osdep_api.c
  C:/Users/Andrew/Vector/USER/A_D/GitHub/RTL_SDK_A/component/os/os_dep/osdep_service.c
  C:/Users/Andrew/Vector/USER/A_D/GitHub/RTL_SDK_A/component/os/os_dep/tcm_heap.c
  C:/Users/Andrew/Vector/USER/A_D/GitHub/RTL_SDK_A/component/common/mbed/targets/hal/rtl8195a/analogin_api.c
  C:/Users/Andrew/Vector/USER/A_D/GitHub/RTL_SDK_A/component/common/mbed/targets/hal/rtl8195a/dma_api.c
  C:/Users/Andrew/Vector/USER/A_D/GitHub/RTL_SDK_A/component/common/mbed/targets/hal/rtl8195a/efuse_api.c
  C:/Users/Andrew/Vector/USER/A_D/GitHub/RTL_SDK_A/component/common/mbed/targets/hal/rtl8195a/flash_api.c
  C:/Users/Andrew/Vector/USER/A_D/GitHub/RTL_SDK_A/component/common/mbed/targets/hal/rtl8195a/gpio_api.c
  C:/Users/Andrew/Vector/USER/A_D/GitHub/RTL_SDK_A/component/common/mbed/targets/hal/rtl8195a/gpio_irq_api.c
  C:/Users/Andrew/Vector/USER/A_D/GitHub/RTL_SDK_A/component/common/mbed/targets/hal/rtl8195a/i2c_api.c
  C:/Users/Andrew/Vector/USER/A_D/GitHub/RTL_SDK_A/component/common/mbed/targets/hal/rtl8195a/i2s_api.c
  C:/Users/Andrew/Vector/USER/A_D/GitHub/RTL_SDK_A/component/common/mbed/targets/hal/rtl8195a/nfc_api.c
  C:/Users/Andrew/Vector/USER/A_D/GitHub/RTL_SDK_A/component/common/mbed/targets/hal/rtl8195a/log_uart_api.c
  C:/Users/Andrew/Vector/USER/A_D/GitHub/RTL_SDK_A/component/common/mbed/targets/hal/rtl8195a/pinmap.c
  C:/Users/Andrew/Vector/USER/A_D/GitHub/RTL_SDK_A/component/common/mbed/targets/hal/rtl8195a/pinmap_common.c
  C:/Users/Andrew/Vector/USER/A_D/GitHub/RTL_SDK_A/component/common/mbed/targets/hal/rtl8195a/port_api.c
  C:/Users/Andrew/Vector/USER/A_D/GitHub/RTL_SDK_A/component/common/mbed/targets/hal/rtl8195a/pwmout_api.c
  C:/Users/Andrew/Vector/USER/A_D/GitHub/RTL_SDK_A/component/common/mbed/targets/hal/rtl8195a/rtc_api.c
  C:/Users/Andrew/Vector/USER/A_D/GitHub/RTL_SDK_A/component/common/mbed/targets/hal/rtl8195a/sleep.c
  C:/Users/Andrew/Vector/USER/A_D/GitHub/RTL_SDK_A/component/common/mbed/targets/hal/rtl8195a/serial_api.c
  C:/Users/Andrew/Vector/USER/A_D/GitHub/RTL_SDK_A/component/common/mbed/targets/hal/rtl8195a/spi_api.c
  C:/Users/Andrew/Vector/USER/A_D/GitHub/RTL_SDK_A/component/common/mbed/targets/hal/rtl8195a/spdio_api.c
  C:/Users/Andrew/Vector/USER/A_D/GitHub/RTL_SDK_A/component/common/mbed/targets/hal/rtl8195a/sys_api.c
  C:/Users/Andrew/Vector/USER/A_D/GitHub/RTL_SDK_A/component/common/mbed/targets/hal/rtl8195a/timer_api.c
  C:/Users/Andrew/Vector/USER/A_D/GitHub/RTL_SDK_A/component/common/mbed/targets/hal/rtl8195a/us_ticker.c
  C:/Users/Andrew/Vector/USER/A_D/GitHub/RTL_SDK_A/component/common/mbed/common/us_ticker_api.c
  C:/Users/Andrew/Vector/USER/A_D/GitHub/RTL_SDK_A/component/common/mbed/common/wait_api.c
  C:/Users/Andrew/Vector/USER/A_D/GitHub/RTL_SDK_A/component/common/mbed/targets/hal/rtl8195a/wdt_api.c
  C:/Users/Andrew/Vector/USER/A_D/GitHub/RTL_SDK_A/component/common/mbed/targets/hal/rtl8195a/flash_eep.c
  C:/Users/Andrew/Vector/USER/A_D/GitHub/RTL_SDK_A/component/soc/realtek/8195a/fwlib/bitband_io.c
  C:/Users/Andrew/Vector/USER/A_D/GitHub/RTL_SDK_A/component/soc/realtek/8195a/fwlib/hal_32k.c
  C:/Users/Andrew/Vector/USER/A_D/GitHub/RTL_SDK_A/component/soc/realtek/8195a/fwlib/hal_adc.c
  C:/Users/Andrew/Vector/USER/A_D/GitHub/RTL_SDK_A/component/soc/realtek/8195a/fwlib/hal_gdma.c
  C:/Users/Andrew/Vector/USER/A_D/GitHub/RTL_SDK_A/component/soc/realtek/8195a/fwlib/hal_gpio.c
  C:/Users/Andrew/Vector/USER/A_D/GitHub/RTL_SDK_A/component/soc/realtek/8195a/fwlib/hal_i2c.c
  C:/Users/Andrew/Vector/USER/A_D/GitHub/RTL_SDK_A/component/soc/realtek/8195a/fwlib/hal_nfc.c
  C:/Users/Andrew/Vector/USER/A_D/GitHub/RTL_SDK_A/component/soc/realtek/8195a/fwlib/hal_i2s.c
  C:/Users/Andrew/Vector/USER/A_D/GitHub/RTL_SDK_A/component/soc/realtek/8195a/fwlib/hal_pcm.c
  C:/Users/Andrew/Vector/USER/A_D/GitHub/RTL_SDK_A/component/soc/realtek/8195a/fwlib/hal_pwm.c
  C:/Users/Andrew/Vector/USER/A_D/GitHub/RTL_SDK_A/component/soc/realtek/8195a/fwlib/hal_sdr_controller.c
  C:/Users/Andrew/Vector/USER/A_D/GitHub/RTL_SDK_A/component/soc/realtek/8195a/fwlib/hal_timer.c
  C:/Users/Andrew/Vector/USER/A_D/GitHub/RTL_SDK_A/component/soc/realtek/8195a/fwlib/hal_ssi.c
  C:/Users/Andrew/Vector/USER/A_D/GitHub/RTL_SDK_A/component/soc/realtek/8195a/fwlib/hal_uart.c
  C:/Users/Andrew/Vector/USER/A_D/GitHub/RTL_SDK_A/component/soc/realtek/8195a/fwlib/rtl8195a/rtl8195a_adc.c
  C:/Users/Andrew/Vector/USER/A_D/GitHub/RTL_SDK_A/component/soc/realtek/8195a/misc/os/freertos_pmu_8195a.c
  C:/Users/Andrew/Vector/USER/A_D/GitHub/RTL_SDK_A/component/soc/realtek/8195a/fwlib/rtl8195a/rtl8195a_gdma.c
  C:/Users/Andrew/Vector/USER/A_D/GitHub/RTL_SDK_A/component/soc/realtek/8195a/fwlib/rtl8195a/rtl8195a_gpio.c
  C:/Users/Andrew/Vector/USER/A_D/GitHub/RTL_SDK_A/component/soc/realtek/8195a/fwlib/rtl8195a/rtl8195a_i2c.c
  C:/Users/Andrew/Vector/USER/A_D/GitHub/RTL_SDK_A/component/soc/realtek/8195a/fwlib/rtl8195a/rtl8195a_nfc.c
  C:/Users/Andrew/Vector/USER/A_D/GitHub/RTL_SDK_A/component/soc/realtek/8195a/fwlib/rtl8195a/rtl8195a_i2s.c
  C:/Users/Andrew/Vector/USER/A_D/GitHub/RTL_SDK_A/component/soc/realtek/8195a/fwlib/rtl8195a/rtl8195a_pwm.c
  C:/Users/Andrew/Vector/USER/A_D/GitHub/RTL_SDK_A/component/soc/realtek/8195a/fwlib/rtl8195a/rtl8195a_ssi.c
  C:/Users/Andrew/Vector/USER/A_D/GitHub/RTL_SDK_A/component/soc/realtek/8195a/fwlib/rtl8195a/rtl8195a_timer.c
  C:/Users/Andrew/Vector/USER/A_D/GitHub/RTL_SDK_A/component/soc/realtek/8195a/fwlib/rtl8195a/rtl8195a_uart.c
  C:/Users/Andrew/Vector/USER/A_D/GitHub/RTL_SDK_A/component/soc/realtek/8195a/fwlib/hal_dac.c
  C:/Users/Andrew/Vector/USER/A_D/GitHub/RTL_SDK_A/component/soc/realtek/8195a/fwlib/hal_common.c
  C:/Users/Andrew/Vector/USER/A_D/GitHub/RTL_SDK_A/component/soc/realtek/8195a/fwlib/hal_soc_ps_monitor.c
  C:/Users/Andrew/Vector/USER/A_D/GitHub/RTL_SDK_A/component/soc/realtek/8195a/fwlib/hal_efuse.c
  C:/Users/Andrew/Vector/USER/A_D/GitHub/RTL_SDK_A/component/soc/realtek/8195a/fwlib/hal_log_uart.c
  C:/Users/Andrew/Vector/USER/A_D/GitHub/RTL_SDK_A/component/soc/realtek/8195a/fwlib/hal_pinmux.c
  C:/Users/Andrew/Vector/USER/A_D/GitHub/RTL_SDK_A/component/soc/realtek/8195a/fwlib/hal_misc.c
  C:/Users/Andrew/Vector/USER/A_D/GitHub/RTL_SDK_A/component/soc/realtek/8195a/fwlib/ram_lib/startup.c
  C:/Users/Andrew/Vector/USER/A_D/GitHub/RTL_SDK_A/component/soc/realtek/8195a/misc/rtl_std_lib/lib_rtlstd/ram_libc.c
  C:/Users/Andrew/Vector/USER/A_D/GitHub/RTL_SDK_A/component/soc/realtek/8195a/misc/rtl_std_lib/lib_rtlstd/ram_libgloss_retarget.c
  C:/Users/Andrew/Vector/USER/A_D/GitHub/RTL_SDK_A/component/soc/realtek/8195a/misc/rtl_std_lib/lib_rtlstd/rtl_eabi_cast_ram.c
  C:/Users/Andrew/Vector/USER/A_D/GitHub/RTL_SDK_A/component/soc/realtek/8195a/misc/rtl_std_lib/lib_rtlstd/c_stdio.c
  C:/Users/Andrew/Vector/USER/A_D/GitHub/RTL_SDK_A/component/soc/realtek/8195a/misc/rtl_std_lib/lib_rtlstd/rtl_math_ram.c
  project/console/atcmd_user.c
  project/console/wifi_console.c
  C:/Users/Andrew/Vector/USER/A_D/GitHub/RTL_SDK_A/component/soc/realtek/8195a/fwlib/ram_lib/rtl_boot.c
  ===========================================================
  Link (Debug)
  ===========================================================
  Build names map file
  Debug/obj/Debug.nmap
  ===========================================================
  Create image1r (Debug/bin/ram_1.r.bin)
  b:268438472 s:268438472 e:268446980
  size 8508
  append fw head b000
  copy size 8508
  ===========================================================
  Create image2ns (Debug/bin/ram_2.ns.bin)
  b:268460032 s:268460032 e:268728564
  size 268532
  copy size 268532
  ===========================================================
  Create image3 (SDRAM, Debug/bin/sdram.p.bin)
  30000000 30000000
  b:805306368 s:805306368 e:805306368
  size 0
  copy size 0
  ===========================================================
  Make OTA image (Debug/bin/ota.bin)
  size = 268564 
  
  checksum 1a9e9de
  
  ===========================================================
  Create image2p (Debug/bin/ram_2.p.bin)
  b:268460032 s:268460032 e:268728564
  size 268532
  copy size 268532
  ===========================================================
  Make Flash image (Debug/bin/ram_all.bin)
  total 44 k, padding data 0, name Debug/bin/ram_all.bin
  Original size zd
  Padding  size zd
  -----------------------------------------------------------
  Image (Debug/bin/ota.bin) size 268568 bytes
  Image (Debug/bin/ram_all.bin) size 313620 bytes
  ===========================================================
